<?xml version="1.0" encoding="UTF-8"?>
<!-- Generated by org.testng.reporters.JUnitXMLReporter -->
<testsuite ignored="0" hostname="PhamNam" failures="6" tests="16" name="Railway Test" time="468.643" errors="0" timestamp="2026-02-20T06:08:58 GMT+07:00">
  <testcase classname="Railway.LoginTest" name="TC01" time="4.116">
    <failure type="java.lang.AssertionError" message="Welcome message is not displayed as expected expected [Welcome phamnam@sharklasers.com] but found []">
      <![CDATA[java.lang.AssertionError: Welcome message is not displayed as expected expected [Welcome phamnam@sharklasers.com] but found []
at Railway.LoginTest.TC01(LoginTest.java:28)
at java.base/java.util.ArrayList.forEach(ArrayList.java:1604)
... Removed 30 stack frames]]>
    </failure>
  </testcase> <!-- TC01 -->
  <testcase classname="Railway.LoginTest" name="TC02" time="3.622"/>
  <testcase classname="Railway.LoginTest" name="TC03" time="3.692">
    <failure type="java.lang.AssertionError" message="Error message is not displayed as expected expected [There was a problem with your login and/or errors exist in your form.] but found [Invalid username or password. Please try again.]">
      <![CDATA[java.lang.AssertionError: Error message is not displayed as expected expected [There was a problem with your login and/or errors exist in your form.] but found [Invalid username or password. Please try again.]
at Railway.LoginTest.TC03(LoginTest.java:74)
at java.base/java.util.ArrayList.forEach(ArrayList.java:1604)
... Removed 30 stack frames]]>
    </failure>
  </testcase> <!-- TC03 -->
  <testcase classname="Railway.LoginTest" name="TC04" time="3.959">
    <failure type="java.lang.AssertionError" message="Error message is not displayed as expected expected [Invalid username or password. Please try again] but found [There was a problem with your login and/or errors exist in your form.]">
      <![CDATA[java.lang.AssertionError: Error message is not displayed as expected expected [Invalid username or password. Please try again] but found [There was a problem with your login and/or errors exist in your form.]
at Railway.LoginTest.TC04(LoginTest.java:97)
at java.base/java.util.ArrayList.forEach(ArrayList.java:1604)
... Removed 30 stack frames]]>
    </failure>
  </testcase> <!-- TC04 -->
  <testcase classname="Railway.LoginTest" name="TC05" time="15.107"/>
  <testcase classname="Railway.LogoutTest" name="TC06" time="6.344"/>
  <testcase classname="Railway.CreateAccount" name="TC07" time="37.183"/>
  <testcase classname="Railway.CreateAccount" name="TC08" time="3.721"/>
  <testcase classname="Railway.CreateAccount" name="TC09" time="29.871"/>
  <testcase classname="Railway.ResetPassword" name="TC10" time="58.542">
    <failure type="java.lang.AssertionError" message="The message is not displayed as expected expected [The new password cannot be the same with the current password] but found [Password changed! Click here to login.]">
      <![CDATA[java.lang.AssertionError: The message is not displayed as expected expected [The new password cannot be the same with the current password] but found [Password changed! Click here to login.]
at Railway.ResetPassword.TC10(ResetPassword.java:48)
at java.base/java.util.ArrayList.forEach(ArrayList.java:1604)
... Removed 30 stack frames]]>
    </failure>
  </testcase> <!-- TC10 -->
  <testcase classname="Railway.ResetPassword" name="TC11" time="50.608"/>
  <testcase classname="Railway.BookTicket" name="TC12" time="38.459"/>
  <testcase classname="Railway.BookTicket" name="TC13" time="37.532"/>
  <testcase classname="Railway.BookTicket" name="TC14" time="32.858"/>
  <testcase classname="Railway.BookTicket" name="TC15" time="33.665">
    <failure type="org.openqa.selenium.TimeoutException" message="Expected condition failed: waiting for element to be clickable: By.xpath: //a[contains(text(), &amp;apos;saferailway&amp;apos;)] (tried for 12 second(s) with 500 milliseconds interval)
Build info: version: &amp;apos;4.27.0&amp;apos;, revision: &amp;apos;d6e718d134&amp;apos;
System info: os.name: &amp;apos;Windows 11&amp;apos;, os.arch: &amp;apos;amd64&amp;apos;, os.version: &amp;apos;10.0&amp;apos;, java.version: &amp;apos;25.0.2&amp;apos;
Driver info: org.openqa.selenium.firefox.FirefoxDriver
Capabilities {acceptInsecureCerts: true, browserName: firefox, browserVersion: 147.0.4, moz:accessibilityChecks: false, moz:buildID: 20260212191108, moz:geckodriverVersion: 0.36.0, moz:headless: false, moz:platformVersion: 10.0, moz:processID: 17880, moz:profile: C:\Users\1202p\AppData\Loca..., moz:shutdownTimeout: 60000, moz:webdriverClick: true, moz:windowless: false, pageLoadStrategy: normal, platformName: windows, proxy: Proxy(), setWindowRect: true, strictFileInteractability: false, timeouts: {implicit: 0, pageLoad: 300000, script: 30000}, unhandledPromptBehavior: dismiss and notify, userAgent: Mozilla/5.0 (Windows NT 10....}
Session ID: 57abca30-9cd7-4530-b0c6-7525b00c30d5">
      <![CDATA[org.openqa.selenium.TimeoutException: Expected condition failed: waiting for element to be clickable: By.xpath: //a[contains(text(), 'saferailway')] (tried for 12 second(s) with 500 milliseconds interval)
Build info: version: '4.27.0', revision: 'd6e718d134'
System info: os.name: 'Windows 11', os.arch: 'amd64', os.version: '10.0', java.version: '25.0.2'
Driver info: org.openqa.selenium.firefox.FirefoxDriver
Capabilities {acceptInsecureCerts: true, browserName: firefox, browserVersion: 147.0.4, moz:accessibilityChecks: false, moz:buildID: 20260212191108, moz:geckodriverVersion: 0.36.0, moz:headless: false, moz:platformVersion: 10.0, moz:processID: 17880, moz:profile: C:\Users\1202p\AppData\Loca..., moz:shutdownTimeout: 60000, moz:webdriverClick: true, moz:windowless: false, pageLoadStrategy: normal, platformName: windows, proxy: Proxy(), setWindowRect: true, strictFileInteractability: false, timeouts: {implicit: 0, pageLoad: 300000, script: 30000}, unhandledPromptBehavior: dismiss and notify, userAgent: Mozilla/5.0 (Windows NT 10....}
Session ID: 57abca30-9cd7-4530-b0c6-7525b00c30d5
at org.openqa.selenium.support.ui.WebDriverWait.timeoutException(WebDriverWait.java:84)
at org.openqa.selenium.support.ui.FluentWait.until(FluentWait.java:228)
at Common.Utilities.waitForClickable(Utilities.java:92)
at Common.Utilities.waitForClickable(Utilities.java:87)
at Guerrilla.GuerrillaHomePage.confirmRegistrationEmail(GuerrillaHomePage.java:83)
at Railway.PreconditionHelper.activateAccount(PreconditionHelper.java:46)
at Railway.PreconditionHelper.createAnActiveAccount(PreconditionHelper.java:23)
at Railway.BookTicket.TC15(BookTicket.java:190)
at java.base/java.util.ArrayList.forEach(ArrayList.java:1604)
... Removed 25 stack frames]]>
    </failure>
  </testcase> <!-- TC15 -->
  <testcase classname="Railway.CancelBooking" name="TC16" time="43.271">
    <failure type="java.lang.AssertionError" message="The canceled ticket is not disappeared expected [false] but found [true]">
      <![CDATA[java.lang.AssertionError: The canceled ticket is not disappeared expected [false] but found [true]
at Railway.CancelBooking.TC16(CancelBooking.java:50)
at java.base/java.util.ArrayList.forEach(ArrayList.java:1604)
... Removed 28 stack frames]]>
    </failure>
  </testcase> <!-- TC16 -->
</testsuite> <!-- Railway Test -->
