<?xml version="1.0" encoding="UTF-8"?>
<!-- Generated by org.testng.reporters.JUnitXMLReporter -->
<testsuite ignored="0" hostname="PhamNam" failures="6" tests="16" name="Railway Test" time="457.648" errors="0" timestamp="2026-02-20T17:43:05 GMT+07:00">
  <testcase classname="Railway.LoginTest" name="TC01" time="7.136">
    <failure type="java.lang.AssertionError" message="Welcome message is not displayed as expected expected [Welcome phamnam@sharklasers.com] but found []">
      <![CDATA[java.lang.AssertionError: Welcome message is not displayed as expected expected [Welcome phamnam@sharklasers.com] but found []
at Railway.LoginTest.TC01(LoginTest.java:29)
at java.base/java.util.ArrayList.forEach(ArrayList.java:1604)
... Removed 30 stack frames]]>
    </failure>
  </testcase> <!-- TC01 -->
  <testcase classname="Railway.LoginTest" name="TC02" time="4.891"/>
  <testcase classname="Railway.LoginTest" name="TC03" time="4.915">
    <failure type="java.lang.AssertionError" message="Error message is not displayed as expected expected [There was a problem with your login and/or errors exist in your form.] but found [Invalid username or password. Please try again.]">
      <![CDATA[java.lang.AssertionError: Error message is not displayed as expected expected [There was a problem with your login and/or errors exist in your form.] but found [Invalid username or password. Please try again.]
at Railway.LoginTest.TC03(LoginTest.java:75)
at java.base/java.util.ArrayList.forEach(ArrayList.java:1604)
... Removed 30 stack frames]]>
    </failure>
  </testcase> <!-- TC03 -->
  <testcase classname="Railway.LoginTest" name="TC04" time="4.624">
    <failure type="java.lang.AssertionError" message="Error message is not displayed as expected expected [Invalid username or password. Please try again] but found [There was a problem with your login and/or errors exist in your form.]">
      <![CDATA[java.lang.AssertionError: Error message is not displayed as expected expected [Invalid username or password. Please try again] but found [There was a problem with your login and/or errors exist in your form.]
at Railway.LoginTest.TC04(LoginTest.java:98)
at java.base/java.util.ArrayList.forEach(ArrayList.java:1604)
... Removed 30 stack frames]]>
    </failure>
  </testcase> <!-- TC04 -->
  <testcase classname="Railway.LoginTest" name="TC05" time="18.813"/>
  <testcase classname="Railway.LogoutTest" name="TC06" time="6.904"/>
  <testcase classname="Railway.CreateAccount" name="TC07" time="32.102"/>
  <testcase classname="Railway.CreateAccount" name="TC08" time="4.513"/>
  <testcase classname="Railway.CreateAccount" name="TC09" time="31.919"/>
  <testcase classname="Railway.ResetPassword" name="TC10" time="64.967">
    <failure type="java.lang.AssertionError" message="The message is not displayed as expected expected [The new password cannot be the same with the current password] but found [Password changed! Click here to login.]">
      <![CDATA[java.lang.AssertionError: The message is not displayed as expected expected [The new password cannot be the same with the current password] but found [Password changed! Click here to login.]
at Railway.ResetPassword.TC10(ResetPassword.java:49)
at java.base/java.util.ArrayList.forEach(ArrayList.java:1604)
... Removed 30 stack frames]]>
    </failure>
  </testcase> <!-- TC10 -->
  <testcase classname="Railway.ResetPassword" name="TC11" time="51.057"/>
  <testcase classname="Railway.BookTicket" name="TC12" time="41.341"/>
  <testcase classname="Railway.BookTicket" name="TC13" time="38.139"/>
  <testcase classname="Railway.BookTicket" name="TC14" time="39.323"/>
  <testcase classname="Railway.BookTicket" name="TC15" time="40.317">
    <failure type="java.lang.IllegalStateException" message="Cannot select a date because select does not have a suitable date option: 2/21/2026">
      <![CDATA[java.lang.IllegalStateException: Cannot select a date because select does not have a suitable date option: 2/21/2026
at Railway.BookTicketPage.bookTicket(BookTicketPage.java:57)
at Railway.BookTicket.TC15(BookTicket.java:218)
at java.base/java.util.ArrayList.forEach(ArrayList.java:1604)
... Removed 25 stack frames]]>
    </failure>
  </testcase> <!-- TC15 -->
  <testcase classname="Railway.CancelBooking" name="TC16" time="38.186">
    <failure type="java.lang.AssertionError" message="The canceled ticket is not disappeared expected [false] but found [true]">
      <![CDATA[java.lang.AssertionError: The canceled ticket is not disappeared expected [false] but found [true]
at Railway.CancelBooking.TC16(CancelBooking.java:51)
at java.base/java.util.ArrayList.forEach(ArrayList.java:1604)
... Removed 28 stack frames]]>
    </failure>
  </testcase> <!-- TC16 -->
</testsuite> <!-- Railway Test -->
