<?xml version="1.0" encoding="UTF-8"?>
<!-- Generated by org.testng.reporters.JUnitReportReporter -->
<testsuite hostname="PhamNam" failures="0" tests="3" name="Railway.CreateAccount" time="80.058" errors="0" timestamp="2026-02-23T04:53:10 GMT+07:00" skipped="0">
  <testcase classname="Railway.CreateAccount" name="TC07" time="39.278"/>
  <testcase classname="Railway.CreateAccount" name="TC08" time="8.249"/>
  <testcase classname="Railway.CreateAccount" name="TC09" time="32.531"/>
</testsuite> <!-- Railway.CreateAccount -->
