<?xml version="1.0" encoding="UTF-8"?>
<!-- Generated by org.testng.reporters.JUnitReportReporter -->
<testsuite hostname="PhamNam" failures="0" tests="3" name="Railway.CreateAccount" time="71.076" errors="0" timestamp="2026-02-08T23:17:39 GMT+07:00" skipped="0">
  <testcase classname="Railway.CreateAccount" name="TC09" time="29.916"/>
  <testcase classname="Railway.CreateAccount" name="TC07" time="34.629"/>
  <testcase classname="Railway.CreateAccount" name="TC08" time="6.531"/>
</testsuite> <!-- Railway.CreateAccount -->
