<?xml version="1.0" encoding="UTF-8"?>
<!-- Generated by org.testng.reporters.JUnitReportReporter -->
<testsuite hostname="PhamNam" failures="0" tests="3" name="Railway.CreateAccount" time="70.008" errors="0" timestamp="2026-02-09T19:49:34 GMT+07:00" skipped="0">
  <testcase classname="Railway.CreateAccount" name="TC07" time="33.701"/>
  <testcase classname="Railway.CreateAccount" name="TC08" time="6.567"/>
  <testcase classname="Railway.CreateAccount" name="TC09" time="29.740"/>
</testsuite> <!-- Railway.CreateAccount -->
