<?xml version="1.0" encoding="UTF-8"?>
<testng-results ignored="3" total="4" passed="1" failed="0" skipped="0">
  <reporter-output>
  </reporter-output>
  <suite started-at="2026-02-13T16:09:33 GMT+07:00" name="Default suite" finished-at="2026-02-13T16:10:31 GMT+07:00" duration-ms="58231">
    <groups>
    </groups>
    <test started-at="2026-02-13T16:09:33 GMT+07:00" name="Default test" finished-at="2026-02-13T16:10:31 GMT+07:00" duration-ms="58231">
      <class name="Railway.BookTicket">
        <test-method is-config="true" signature="beforeMethod(java.lang.String)[pri:0, instance:Railway.BookTicket@77847718]" started-at="2026-02-13T16:09:33 GMT+07:00" name="beforeMethod" finished-at="2026-02-13T16:09:35 GMT+07:00" duration-ms="1327" status="PASS">
          <params>
            <param index="0">
              <value>
                <![CDATA[chrome]]>
              </value>
            </param>
          </params>
          <reporter-output>
          </reporter-output>
        </test-method> <!-- beforeMethod -->
        <test-method signature="TC13()[pri:0, instance:Railway.BookTicket@77847718]" started-at="2026-02-13T16:09:35 GMT+07:00" name="TC13" finished-at="2026-02-13T16:10:31 GMT+07:00" duration-ms="56657" status="PASS">
          <reporter-output>
          </reporter-output>
        </test-method> <!-- TC13 -->
        <test-method is-config="true" signature="afterMethod()[pri:0, instance:Railway.BookTicket@77847718]" started-at="2026-02-13T16:10:31 GMT+07:00" name="afterMethod" finished-at="2026-02-13T16:10:31 GMT+07:00" duration-ms="216" status="PASS">
          <reporter-output>
          </reporter-output>
        </test-method> <!-- afterMethod -->
      </class> <!-- Railway.BookTicket -->
    </test> <!-- Default test -->
  </suite> <!-- Default suite -->
</testng-results>
