<?xml version="1.0" encoding="UTF-8"?>
<testng-results ignored="2" total="3" passed="1" failed="0" skipped="0">
  <reporter-output>
  </reporter-output>
  <suite started-at="2026-02-11T14:34:55 GMT+07:00" name="Default suite" finished-at="2026-02-11T14:36:27 GMT+07:00" duration-ms="92179">
    <groups>
    </groups>
    <test started-at="2026-02-11T14:34:55 GMT+07:00" name="Default test" finished-at="2026-02-11T14:36:27 GMT+07:00" duration-ms="92179">
      <class name="Railway.CreateAccount">
        <test-method is-config="true" signature="beforeMethod(java.lang.String)[pri:0, instance:Railway.CreateAccount@158d2680]" started-at="2026-02-11T14:34:55 GMT+07:00" name="beforeMethod" finished-at="2026-02-11T14:34:56 GMT+07:00" duration-ms="1391" status="PASS">
          <params>
            <param index="0">
              <value>
                <![CDATA[chrome]]>
              </value>
            </param>
          </params>
          <reporter-output>
          </reporter-output>
        </test-method> <!-- beforeMethod -->
        <test-method signature="TC09()[pri:0, instance:Railway.CreateAccount@158d2680]" started-at="2026-02-11T14:34:56 GMT+07:00" name="TC09" finished-at="2026-02-11T14:36:27 GMT+07:00" duration-ms="90543" status="PASS">
          <reporter-output>
          </reporter-output>
        </test-method> <!-- TC09 -->
        <test-method is-config="true" signature="afterMethod()[pri:0, instance:Railway.CreateAccount@158d2680]" started-at="2026-02-11T14:36:27 GMT+07:00" name="afterMethod" finished-at="2026-02-11T14:36:27 GMT+07:00" duration-ms="217" status="PASS">
          <reporter-output>
          </reporter-output>
        </test-method> <!-- afterMethod -->
      </class> <!-- Railway.CreateAccount -->
    </test> <!-- Default test -->
  </suite> <!-- Default suite -->
</testng-results>
