<?xml version="1.0" encoding="UTF-8"?>
<testng-results ignored="3" total="4" passed="1" failed="0" skipped="0">
  <reporter-output>
  </reporter-output>
  <suite started-at="2026-02-09T16:55:15 GMT+07:00" name="Default suite" finished-at="2026-02-09T16:58:11 GMT+07:00" duration-ms="176506">
    <groups>
    </groups>
    <test started-at="2026-02-09T16:55:15 GMT+07:00" name="Default test" finished-at="2026-02-09T16:58:11 GMT+07:00" duration-ms="176506">
      <class name="Railway.BookTicket">
        <test-method is-config="true" signature="beforeMethod()[pri:0, instance:Railway.BookTicket@35d019a3]" started-at="2026-02-09T16:55:15 GMT+07:00" name="beforeMethod" finished-at="2026-02-09T16:55:16 GMT+07:00" duration-ms="1314" status="PASS">
          <reporter-output>
          </reporter-output>
        </test-method> <!-- beforeMethod -->
        <test-method signature="TC12()[pri:0, instance:Railway.BookTicket@35d019a3]" started-at="2026-02-09T16:55:16 GMT+07:00" name="TC12" finished-at="2026-02-09T16:58:11 GMT+07:00" duration-ms="174916" status="PASS">
          <reporter-output>
          </reporter-output>
        </test-method> <!-- TC12 -->
        <test-method is-config="true" signature="afterMethod()[pri:0, instance:Railway.BookTicket@35d019a3]" started-at="2026-02-09T16:58:11 GMT+07:00" name="afterMethod" finished-at="2026-02-09T16:58:11 GMT+07:00" duration-ms="241" status="PASS">
          <reporter-output>
          </reporter-output>
        </test-method> <!-- afterMethod -->
      </class> <!-- Railway.BookTicket -->
    </test> <!-- Default test -->
  </suite> <!-- Default suite -->
</testng-results>
