<?xml version="1.0" encoding="UTF-8"?>
<testng-results ignored="3" total="4" passed="1" failed="0" skipped="0">
  <reporter-output>
  </reporter-output>
  <suite started-at="2026-02-09T08:51:16 GMT+07:00" name="Default suite" finished-at="2026-02-09T08:53:58 GMT+07:00" duration-ms="162252">
    <groups>
    </groups>
    <test started-at="2026-02-09T08:51:16 GMT+07:00" name="Default test" finished-at="2026-02-09T08:53:58 GMT+07:00" duration-ms="162252">
      <class name="Railway.BookTicket">
        <test-method is-config="true" signature="beforeMethod()[pri:0, instance:Railway.BookTicket@3febb011]" started-at="2026-02-09T08:51:16 GMT+07:00" name="beforeMethod" finished-at="2026-02-09T08:51:17 GMT+07:00" duration-ms="1325" status="PASS">
          <reporter-output>
          </reporter-output>
        </test-method> <!-- beforeMethod -->
        <test-method signature="TC15()[pri:0, instance:Railway.BookTicket@3febb011]" started-at="2026-02-09T08:51:17 GMT+07:00" name="TC15" finished-at="2026-02-09T08:53:58 GMT+07:00" duration-ms="160612" status="PASS">
          <reporter-output>
          </reporter-output>
        </test-method> <!-- TC15 -->
        <test-method is-config="true" signature="afterMethod()[pri:0, instance:Railway.BookTicket@3febb011]" started-at="2026-02-09T08:53:58 GMT+07:00" name="afterMethod" finished-at="2026-02-09T08:53:58 GMT+07:00" duration-ms="284" status="PASS">
          <reporter-output>
          </reporter-output>
        </test-method> <!-- afterMethod -->
      </class> <!-- Railway.BookTicket -->
    </test> <!-- Default test -->
  </suite> <!-- Default suite -->
</testng-results>
