<?xml version="1.0" encoding="UTF-8"?>
<!-- Generated by org.testng.reporters.JUnitXMLReporter -->
<testsuite ignored="3" hostname="PhamNam" failures="0" tests="1" name="Default test" time="34.052" errors="0" timestamp="2026-02-11T03:46:36 GMT+07:00">
  <testcase classname="Railway.BookTicket" name="TC14" time="30.975"/>
  <testcase classname="Railway.BookTicket" name="TC13" time="0.0">
    <ignored/>
  </testcase> <!-- TC13 -->
  <testcase classname="Railway.BookTicket" name="TC15" time="0.0">
    <ignored/>
  </testcase> <!-- TC15 -->
  <testcase classname="Railway.BookTicket" name="TC12" time="0.0">
    <ignored/>
  </testcase> <!-- TC12 -->
</testsuite> <!-- Default test -->
