<?xml version="1.0" encoding="UTF-8"?>
<!-- Generated by org.testng.reporters.JUnitXMLReporter -->
<testsuite ignored="2" hostname="PhamNam" failures="0" tests="1" name="Default test" time="34.353" errors="0" timestamp="2026-02-20T16:42:09 GMT+07:00">
  <testcase classname="Railway.CreateAccount" name="TC09" time="31.038"/>
  <testcase classname="Railway.CreateAccount" name="TC08" time="0.0">
    <ignored/>
  </testcase> <!-- TC08 -->
  <testcase classname="Railway.CreateAccount" name="TC07" time="0.0">
    <ignored/>
  </testcase> <!-- TC07 -->
</testsuite> <!-- Default test -->
