<?xml version="1.0" encoding="UTF-8"?>
<!-- Generated by org.testng.reporters.JUnitXMLReporter -->
<testsuite ignored="3" hostname="PhamNam" failures="0" tests="1" name="Default test" time="176.506" errors="0" timestamp="2026-02-09T16:58:11 GMT+07:00">
  <testcase classname="Railway.BookTicket" name="TC12" time="174.916"/>
  <testcase classname="Railway.BookTicket" name="TC13" time="0.0">
    <ignored/>
  </testcase> <!-- TC13 -->
  <testcase classname="Railway.BookTicket" name="TC15" time="0.0">
    <ignored/>
  </testcase> <!-- TC15 -->
  <testcase classname="Railway.BookTicket" name="TC14" time="0.0">
    <ignored/>
  </testcase> <!-- TC14 -->
</testsuite> <!-- Default test -->
